# JRE version: Java(TM) SE Runtime Environment (7.0_67-b01) (build 1.7.0_67-b01)
# Java VM: Java HotSpot(TM) 64-Bit Server VM (24.65-b04 mixed mode linux-amd64 compressed oops)
Heap
 def new generation   total 175680K, used 0K [0x00000000c0000000, 0x00000000cbea0000, 0x00000000d0000000)
  eden space 156160K,   0% used [0x00000000c0000000, 0x00000000c0000000, 0x00000000c9880000)
  from space 19520K,   0% used [0x00000000c9880000, 0x00000000c9880000, 0x00000000cab90000)
  to   space 19520K,   0% used [0x00000000cab90000, 0x00000000cab90000, 0x00000000cbea0000)
 tenured generation   total 390332K, used 280590K [0x00000000d0000000, 0x00000000e7d2f000, 0x00000000f0000000)
   the space 390332K,  71% used [0x00000000d0000000, 0x00000000e12038c8, 0x00000000e1203a00, 0x00000000e7d2f000)
 compacting perm gen  total 113728K, used 113727K [0x00000000f0000000, 0x00000000f6f10000, 0x0000000100000000)
   the space 113728K,  99% used [0x00000000f0000000, 0x00000000f6f0ffe0, 0x00000000f6f10000, 0x00000000f6f10000)
GC Heap History (10 events):
Event: 222.774 GC heap after
Heap after GC invocations=347 (full 16):
 def new generation   total 175680K, used 6800K [0x00000000c0000000, 0x00000000cbea0000, 0x00000000d0000000)
  eden space 156160K,   0% used [0x00000000c0000000, 0x00000000c0000000, 0x00000000c9880000)
  from space 19520K,  34% used [0x00000000c9880000, 0x00000000c9f24100, 0x00000000cab90000)
  to   space 19520K,   0% used [0x00000000cab90000, 0x00000000cab90000, 0x00000000cbea0000)
 tenured generation   total 390332K, used 305876K [0x00000000d0000000, 0x00000000e7d2f000, 0x00000000f0000000)
   the space 390332K,  78% used [0x00000000d0000000, 0x00000000e2ab5090, 0x00000000e2ab5200, 0x00000000e7d2f000)
 compacting perm gen  total 113408K, used 113205K [0x00000000f0000000, 0x00000000f6ec0000, 0x0000000100000000)
   the space 113408K,  99% used [0x00000000f0000000, 0x00000000f6e8d460, 0x00000000f6e8d600, 0x00000000f6ec0000)
No shared spaces configured.
}
Event: 224.967 GC heap before
{Heap before GC invocations=347 (full 16):
 def new generation   total 175680K, used 162960K [0x00000000c0000000, 0x00000000cbea0000, 0x00000000d0000000)
  eden space 156160K, 100% used [0x00000000c0000000, 0x00000000c9880000, 0x00000000c9880000)
  from space 19520K,  34% used [0x00000000c9880000, 0x00000000c9f24100, 0x00000000cab90000)
  to   space 19520K,   0% used [0x00000000cab90000, 0x00000000cab90000, 0x00000000cbea0000)
 tenured generation   total 390332K, used 305876K [0x00000000d0000000, 0x00000000e7d2f000, 0x00000000f0000000)
   the space 390332K,  78% used [0x00000000d0000000, 0x00000000e2ab5090, 0x00000000e2ab5200, 0x00000000e7d2f000)
 compacting perm gen  total 113408K, used 113259K [0x00000000f0000000, 0x00000000f6ec0000, 0x0000000100000000)
   the space 113408K,  99% used [0x00000000f0000000, 0x00000000f6e9ace8, 0x00000000f6e9ae00, 0x00000000f6ec0000)
No shared spaces configured.
Event: 225.015 GC heap after
Heap after GC invocations=348 (full 16):
 def new generation   total 175680K, used 12917K [0x00000000c0000000, 0x00000000cbea0000, 0x00000000d0000000)
  eden space 156160K,   0% used [0x00000000c0000000, 0x00000000c0000000, 0x00000000c9880000)
  from space 19520K,  66% used [0x00000000cab90000, 0x00000000cb82d5a0, 0x00000000cbea0000)
  to   space 19520K,   0% used [0x00000000c9880000, 0x00000000c9880000, 0x00000000cab90000)
 tenured generation   total 390332K, used 305876K [0x00000000d0000000, 0x00000000e7d2f000, 0x00000000f0000000)
   the space 390332K,  78% used [0x00000000d0000000, 0x00000000e2ab5090, 0x00000000e2ab5200, 0x00000000e7d2f000)
 compacting perm gen  total 113408K, used 113259K [0x00000000f0000000, 0x00000000f6ec0000, 0x0000000100000000)
   the space 113408K,  99% used [0x00000000f0000000, 0x00000000f6e9ace8, 0x00000000f6e9ae00, 0x00000000f6ec0000)
No shared spaces configured.
}
Event: 226.444 GC heap before
{Heap before GC invocations=348 (full 16):
 def new generation   total 175680K, used 169077K [0x00000000c0000000, 0x00000000cbea0000, 0x00000000d0000000)
  eden space 156160K, 100% used [0x00000000c0000000, 0x00000000c9880000, 0x00000000c9880000)
  from space 19520K,  66% used [0x00000000cab90000, 0x00000000cb82d5a0, 0x00000000cbea0000)
  to   space 19520K,   0% used [0x00000000c9880000, 0x00000000c9880000, 0x00000000cab90000)
 tenured generation   total 390332K, used 305876K [0x00000000d0000000, 0x00000000e7d2f000, 0x00000000f0000000)
   the space 390332K,  78% used [0x00000000d0000000, 0x00000000e2ab5090, 0x00000000e2ab5200, 0x00000000e7d2f000)
 compacting perm gen  total 113408K, used 113266K [0x00000000f0000000, 0x00000000f6ec0000, 0x0000000100000000)
   the space 113408K,  99% used [0x00000000f0000000, 0x00000000f6e9c808, 0x00000000f6e9ca00, 0x00000000f6ec0000)
No shared spaces configured.
Event: 226.504 GC heap after
Heap after GC invocations=349 (full 16):
 def new generation   total 175680K, used 14163K [0x00000000c0000000, 0x00000000cbea0000, 0x00000000d0000000)
  eden space 156160K,   0% used [0x00000000c0000000, 0x00000000c0000000, 0x00000000c9880000)
  from space 19520K,  72% used [0x00000000c9880000, 0x00000000ca654c80, 0x00000000cab90000)
  to   space 19520K,   0% used [0x00000000cab90000, 0x00000000cab90000, 0x00000000cbea0000)
 tenured generation   total 390332K, used 309289K [0x00000000d0000000, 0x00000000e7d2f000, 0x00000000f0000000)
   the space 390332K,  79% used [0x00000000d0000000, 0x00000000e2e0a498, 0x00000000e2e0a600, 0x00000000e7d2f000)
 compacting perm gen  total 113408K, used 113266K [0x00000000f0000000, 0x00000000f6ec0000, 0x0000000100000000)
   the space 113408K,  99% used [0x00000000f0000000, 0x00000000f6e9c808, 0x00000000f6e9ca00, 0x00000000f6ec0000)
No shared spaces configured.
}
Event: 227.656 GC heap before
{Heap before GC invocations=349 (full 16):
 def new generation   total 175680K, used 170323K [0x00000000c0000000, 0x00000000cbea0000, 0x00000000d0000000)
  eden space 156160K, 100% used [0x00000000c0000000, 0x00000000c9880000, 0x00000000c9880000)
  from space 19520K,  72% used [0x00000000c9880000, 0x00000000ca654c80, 0x00000000cab90000)
  to   space 19520K,   0% used [0x00000000cab90000, 0x00000000cab90000, 0x00000000cbea0000)
 tenured generation   total 390332K, used 309289K [0x00000000d0000000, 0x00000000e7d2f000, 0x00000000f0000000)
   the space 390332K,  79% used [0x00000000d0000000, 0x00000000e2e0a498, 0x00000000e2e0a600, 0x00000000e7d2f000)
 compacting perm gen  total 113408K, used 113267K [0x00000000f0000000, 0x00000000f6ec0000, 0x0000000100000000)
   the space 113408K,  99% used [0x00000000f0000000, 0x00000000f6e9cd08, 0x00000000f6e9ce00, 0x00000000f6ec0000)
No shared spaces configured.
Event: 227.733 GC heap after
Heap after GC invocations=350 (full 16):
 def new generation   total 175680K, used 7119K [0x00000000c0000000, 0x00000000cbea0000, 0x00000000d0000000)
  eden space 156160K,   0% used [0x00000000c0000000, 0x00000000c0000000, 0x00000000c9880000)
  from space 19520K,  36% used [0x00000000cab90000, 0x00000000cb283c00, 0x00000000cbea0000)
  to   space 19520K,   0% used [0x00000000c9880000, 0x00000000c9880000, 0x00000000cab90000)
 tenured generation   total 390332K, used 318062K [0x00000000d0000000, 0x00000000e7d2f000, 0x00000000f0000000)
   the space 390332K,  81% used [0x00000000d0000000, 0x00000000e369bb30, 0x00000000e369bc00, 0x00000000e7d2f000)
 compacting perm gen  total 113408K, used 113267K [0x00000000f0000000, 0x00000000f6ec0000, 0x0000000100000000)
   the space 113408K,  99% used [0x00000000f0000000, 0x00000000f6e9cd08, 0x00000000f6e9ce00, 0x00000000f6ec0000)
No shared spaces configured.
}
Event: 231.900 GC heap before
{Heap before GC invocations=350 (full 16):
 def new generation   total 175680K, used 163279K [0x00000000c0000000, 0x00000000cbea0000, 0x00000000d0000000)
  eden space 156160K, 100% used [0x00000000c0000000, 0x00000000c9880000, 0x00000000c9880000)
  from space 19520K,  36% used [0x00000000cab90000, 0x00000000cb283c00, 0x00000000cbea0000)
  to   space 19520K,   0% used [0x00000000c9880000, 0x00000000c9880000, 0x00000000cab90000)
 tenured generation   total 390332K, used 318062K [0x00000000d0000000, 0x00000000e7d2f000, 0x00000000f0000000)
   the space 390332K,  81% used [0x00000000d0000000, 0x00000000e369bb30, 0x00000000e369bc00, 0x00000000e7d2f000)
 compacting perm gen  total 113728K, used 113498K [0x00000000f0000000, 0x00000000f6f10000, 0x0000000100000000)
   the space 113728K,  99% used [0x00000000f0000000, 0x00000000f6ed6a20, 0x00000000f6ed6c00, 0x00000000f6f10000)
No shared spaces configured.
Event: 231.926 GC heap after
Heap after GC invocations=351 (full 16):
 def new generation   total 175680K, used 8394K [0x00000000c0000000, 0x00000000cbea0000, 0x00000000d0000000)
  eden space 156160K,   0% used [0x00000000c0000000, 0x00000000c0000000, 0x00000000c9880000)
  from space 19520K,  43% used [0x00000000c9880000, 0x00000000ca0b2a70, 0x00000000cab90000)
  to   space 19520K,   0% used [0x00000000cab90000, 0x00000000cab90000, 0x00000000cbea0000)
 tenured generation   total 390332K, used 318062K [0x00000000d0000000, 0x00000000e7d2f000, 0x00000000f0000000)
   the space 390332K,  81% used [0x00000000d0000000, 0x00000000e369bb30, 0x00000000e369bc00, 0x00000000e7d2f000)
 compacting perm gen  total 113728K, used 113498K [0x00000000f0000000, 0x00000000f6f10000, 0x0000000100000000)
   the space 113728K,  99% used [0x00000000f0000000, 0x00000000f6ed6a20, 0x00000000f6ed6c00, 0x00000000f6f10000)
No shared spaces configured.
}
Event: 232.375 GC heap before
{Heap before GC invocations=351 (full 16):
 def new generation   total 175680K, used 29125K [0x00000000c0000000, 0x00000000cbea0000, 0x00000000d0000000)
  eden space 156160K,  13% used [0x00000000c0000000, 0x00000000c143ecb0, 0x00000000c9880000)
  from space 19520K,  43% used [0x00000000c9880000, 0x00000000ca0b2a70, 0x00000000cab90000)
  to   space 19520K,   0% used [0x00000000cab90000, 0x00000000cab90000, 0x00000000cbea0000)
 tenured generation   total 390332K, used 318062K [0x00000000d0000000, 0x00000000e7d2f000, 0x00000000f0000000)
   the space 390332K,  81% used [0x00000000d0000000, 0x00000000e369bb30, 0x00000000e369bc00, 0x00000000e7d2f000)
 compacting perm gen  total 113728K, used 113727K [0x00000000f0000000, 0x00000000f6f10000, 0x0000000100000000)
   the space 113728K,  99% used [0x00000000f0000000, 0x00000000f6f0ffe0, 0x00000000f6f10000, 0x00000000f6f10000)
No shared spaces configured.

